[debug] [2020-09-26T21:13:10.387Z] ----------------------------------------------------------------------
[debug] [2020-09-26T21:13:10.393Z] Command:       C:\Program Files\nodejs\node.exe C:\Users\cnsc\AppData\Local\Yarn\Data\global\node_modules\firebase-tools\lib\bin\firebase.js serve
[debug] [2020-09-26T21:13:10.393Z] CLI Version:   7.6.2
[debug] [2020-09-26T21:13:10.393Z] Platform:      win32
[debug] [2020-09-26T21:13:10.393Z] Node Version:  v12.18.2
[debug] [2020-09-26T21:13:10.395Z] Time:          Sat Sep 26 2020 15:13:10 GMT-0600 (Central Standard Time)
[debug] [2020-09-26T21:13:10.395Z] ----------------------------------------------------------------------
[debug] [2020-09-26T21:13:10.395Z] 
[debug] [2020-09-26T21:13:10.407Z] > command requires scopes: ["email","openid","https://www.googleapis.com/auth/cloudplatformprojects.readonly","https://www.googleapis.com/auth/firebase","https://www.googleapis.com/auth/cloud-platform"]
[debug] [2020-09-26T21:13:10.408Z] > authorizing via signed-in user
[debug] [2020-09-26T21:13:10.408Z] [iam] checking project aviationstore-dev for permissions ["firebase.projects.get"]
[debug] [2020-09-26T21:13:10.411Z] >>> HTTP REQUEST POST https://cloudresourcemanager.googleapis.com/v1/projects/aviationstore-dev:testIamPermissions  

[debug] [2020-09-26T21:13:10.819Z] <<< HTTP RESPONSE 200
[debug] [2020-09-26T21:13:10.822Z] >>> HTTP REQUEST GET https://firebase.googleapis.com/v1beta1/projects/aviationstore-dev  
 
[debug] [2020-09-26T21:13:11.128Z] <<< HTTP RESPONSE 200
[info] 
[info] === Serving from 'C:\source\aviationstore'...
[info] 
[debug] [2020-09-26T21:13:11.133Z] >>> HTTP REQUEST GET https://firebase.googleapis.com/v1beta1/projects/aviationstore-dev/webApps/-/config  
 
[debug] [2020-09-26T21:13:11.653Z] <<< HTTP RESPONSE 200
[info] i  hosting: Serving hosting files from: build
[info] +  hosting: Local server: http://localhost:5000
